98.03.11 14:50 B c:\Galeria\img\ani_email.gif --> spike.forfree.at /home/galhq/html/img ani_email.gif
98.03.11 14:50 B c:\Galeria\img\anima_medo.gif --> spike.forfree.at /home/galhq/html/img anima_medo.gif
98.03.11 14:50 B c:\Galeria\img\anima_quadri.gif --> spike.forfree.at /home/galhq/html/img anima_quadri.gif
98.03.11 14:50 B c:\Galeria\img\spirit.gif --> spike.forfree.at /home/galhq/html/img spirit.gif
98.03.11 14:51 B c:\Galeria\img\telatk2.GIF --> spike.forfree.at /home/galhq/html/img telatk2.GIF
98.03.11 16:00 B c:\Galeria\img\WS_FTP.LOG --> spike.forfree.at /home/galhq/html/img WS_FTP.LOG
98.03.19 09:14 B c:\Galeria\img\expert.jpg --> spike.forfree.at /home/galhq/html/img expert.jpg
98.03.19 09:16 B c:\Galeria\img\expert_detalhe.jpg --> spike.forfree.at /home/galhq/html/img expert_detalhe.jpg
98.03.19 09:17 B c:\Galeria\img\hotbit.jpg --> spike.forfree.at /home/galhq/html/img hotbit.jpg
98.03.19 09:20 B c:\Galeria\img\hotbit_desmontado.jpg --> spike.forfree.at /home/galhq/html/img hotbit_desmontado.jpg
98.03.19 09:20 B c:\Galeria\img\laser.jpg --> spike.forfree.at /home/galhq/html/img laser.jpg
98.03.19 09:22 B c:\Galeria\img\micros.jpg --> spike.forfree.at /home/galhq/html/img micros.jpg
98.03.19 09:23 B c:\Galeria\img\telejogo2.jpg --> spike.forfree.at /home/galhq/html/img telejogo2.jpg
98.03.19 09:23 B c:\Galeria\img\telejogo2_detalhe.jpg --> spike.forfree.at /home/galhq/html/img telejogo2_detalhe.jpg
98.03.23 09:41 B c:\Galeria\img\tvjogo.jpg --> spike.forfree.at /home/galhq/html/img tvjogo.jpg
98.03.23 09:41 B c:\Galeria\img\unitron.jpg --> spike.forfree.at /home/galhq/html/img unitron.jpg
98.03.23 09:42 B c:\Galeria\img\unitron_aberto.jpg --> spike.forfree.at /home/galhq/html/img unitron_aberto.jpg
98.03.23 09:42 B c:\Galeria\img\unitron_laca.jpg --> spike.forfree.at /home/galhq/html/img unitron_laca.jpg
98.03.23 09:42 B c:\Galeria\img\ursinhomecanico.jpg --> spike.forfree.at /home/galhq/html/img ursinhomecanico.jpg
98.03.23 09:42 B c:\Galeria\img\ursinhotk.jpg --> spike.forfree.at /home/galhq/html/img ursinhotk.jpg
98.03.23 09:43 B c:\Galeria\img\WS_FTP.LOG --> spike.forfree.at /home/galhq/html/img WS_FTP.LOG
